{"/home/runner/work/AI-Video-Generator-main/AI-Video-Generator-main/src/api/chatgpt-integration.js": {"path":"/home/runner/work/AI-Video-Generator-main/AI-Video-Generator-main/src/api/chatgpt-integration.js","statementMap":{"0":{"start":{"line":1,"column":21},"end":{"line":1,"column":77}},"1":{"start":{"line":12,"column":2},"end":{"line":35,"column":3}},"2":{"start":{"line":13,"column":21},"end":{"line":24,"column":6}},"3":{"start":{"line":26,"column":4},"end":{"line":28,"column":5}},"4":{"start":{"line":27,"column":6},"end":{"line":27,"column":64}},"5":{"start":{"line":30,"column":17},"end":{"line":30,"column":38}},"6":{"start":{"line":31,"column":4},"end":{"line":31,"column":16}},"7":{"start":{"line":33,"column":4},"end":{"line":33,"column":62}},"8":{"start":{"line":34,"column":4},"end":{"line":34,"column":16}},"9":{"start":{"line":43,"column":2},"end":{"line":50,"column":4}},"10":{"start":{"line":61,"column":2},"end":{"line":107,"column":3}},"11":{"start":{"line":62,"column":21},"end":{"line":72,"column":6}},"12":{"start":{"line":74,"column":4},"end":{"line":76,"column":5}},"13":{"start":{"line":75,"column":6},"end":{"line":75,"column":64}},"14":{"start":{"line":78,"column":19},"end":{"line":78,"column":44}},"15":{"start":{"line":79,"column":20},"end":{"line":79,"column":37}},"16":{"start":{"line":81,"column":4},"end":{"line":103,"column":5}},"17":{"start":{"line":82,"column":30},"end":{"line":82,"column":49}},"18":{"start":{"line":83,"column":6},"end":{"line":83,"column":22}},"19":{"start":{"line":83,"column":16},"end":{"line":83,"column":22}},"20":{"start":{"line":85,"column":20},"end":{"line":85,"column":41}},"21":{"start":{"line":86,"column":20},"end":{"line":86,"column":37}},"22":{"start":{"line":88,"column":6},"end":{"line":102,"column":7}},"23":{"start":{"line":89,"column":8},"end":{"line":101,"column":9}},"24":{"start":{"line":90,"column":23},"end":{"line":90,"column":36}},"25":{"start":{"line":91,"column":10},"end":{"line":93,"column":11}},"26":{"start":{"line":92,"column":12},"end":{"line":92,"column":19}},"27":{"start":{"line":94,"column":10},"end":{"line":100,"column":11}},"28":{"start":{"line":95,"column":27},"end":{"line":95,"column":43}},"29":{"start":{"line":96,"column":12},"end":{"line":96,"column":28}},"30":{"start":{"line":99,"column":12},"end":{"line":99,"column":60}},"31":{"start":{"line":105,"column":4},"end":{"line":105,"column":58}},"32":{"start":{"line":106,"column":4},"end":{"line":106,"column":16}}},"fnMap":{"0":{"name":"chatWithGPT","decl":{"start":{"line":11,"column":22},"end":{"line":11,"column":33}},"loc":{"start":{"line":11,"column":101},"end":{"line":36,"column":1}},"line":11},"1":{"name":"getAvailableGuruTypes","decl":{"start":{"line":42,"column":16},"end":{"line":42,"column":37}},"loc":{"start":{"line":42,"column":40},"end":{"line":51,"column":1}},"line":42},"2":{"name":"streamChatWithGPT","decl":{"start":{"line":60,"column":22},"end":{"line":60,"column":39}},"loc":{"start":{"line":60,"column":100},"end":{"line":108,"column":1}},"line":60}},"branchMap":{"0":{"loc":{"start":{"line":1,"column":21},"end":{"line":1,"column":77}},"type":"binary-expr","locations":[{"start":{"line":1,"column":21},"end":{"line":1,"column":50}},{"start":{"line":1,"column":54},"end":{"line":1,"column":77}}],"line":1},"1":{"loc":{"start":{"line":11,"column":41},"end":{"line":11,"column":63}},"type":"default-arg","locations":[{"start":{"line":11,"column":52},"end":{"line":11,"column":63}}],"line":11},"2":{"loc":{"start":{"line":11,"column":65},"end":{"line":11,"column":83}},"type":"default-arg","locations":[{"start":{"line":11,"column":79},"end":{"line":11,"column":83}}],"line":11},"3":{"loc":{"start":{"line":11,"column":85},"end":{"line":11,"column":99}},"type":"default-arg","locations":[{"start":{"line":11,"column":94},"end":{"line":11,"column":99}}],"line":11},"4":{"loc":{"start":{"line":26,"column":4},"end":{"line":28,"column":5}},"type":"if","locations":[{"start":{"line":26,"column":4},"end":{"line":28,"column":5}},{"start":{},"end":{}}],"line":26},"5":{"loc":{"start":{"line":60,"column":47},"end":{"line":60,"column":69}},"type":"default-arg","locations":[{"start":{"line":60,"column":58},"end":{"line":60,"column":69}}],"line":60},"6":{"loc":{"start":{"line":60,"column":80},"end":{"line":60,"column":98}},"type":"default-arg","locations":[{"start":{"line":60,"column":94},"end":{"line":60,"column":98}}],"line":60},"7":{"loc":{"start":{"line":74,"column":4},"end":{"line":76,"column":5}},"type":"if","locations":[{"start":{"line":74,"column":4},"end":{"line":76,"column":5}},{"start":{},"end":{}}],"line":74},"8":{"loc":{"start":{"line":83,"column":6},"end":{"line":83,"column":22}},"type":"if","locations":[{"start":{"line":83,"column":6},"end":{"line":83,"column":22}},{"start":{},"end":{}}],"line":83},"9":{"loc":{"start":{"line":89,"column":8},"end":{"line":101,"column":9}},"type":"if","locations":[{"start":{"line":89,"column":8},"end":{"line":101,"column":9}},{"start":{},"end":{}}],"line":89},"10":{"loc":{"start":{"line":91,"column":10},"end":{"line":93,"column":11}},"type":"if","locations":[{"start":{"line":91,"column":10},"end":{"line":93,"column":11}},{"start":{},"end":{}}],"line":91}},"s":{"0":1,"1":6,"2":6,"3":4,"4":1,"5":3,"6":3,"7":3,"8":3,"9":2,"10":8,"11":8,"12":6,"13":1,"14":5,"15":5,"16":5,"17":8,"18":8,"19":2,"20":6,"21":6,"22":6,"23":10,"24":7,"25":7,"26":3,"27":4,"28":4,"29":3,"30":1,"31":3,"32":3},"f":{"0":6,"1":2,"2":8},"b":{"0":[1,1],"1":[5],"2":[5],"3":[5],"4":[1,3],"5":[1],"6":[7],"7":[1,5],"8":[2,6],"9":[7,3],"10":[3,4]},"_coverageSchema":"1a1c01bbd47fc00a2c39e90264f33305004495a9","hash":"a05c808a399264b1f5154df1b1e655873f75ef66"}
,"/home/runner/work/AI-Video-Generator-main/AI-Video-Generator-main/src/api/claude-integration.js": {"path":"/home/runner/work/AI-Video-Generator-main/AI-Video-Generator-main/src/api/claude-integration.js","statementMap":{"0":{"start":{"line":1,"column":21},"end":{"line":1,"column":77}},"1":{"start":{"line":22,"column":6},"end":{"line":22,"column":13}},"2":{"start":{"line":24,"column":2},"end":{"line":48,"column":3}},"3":{"start":{"line":25,"column":21},"end":{"line":37,"column":6}},"4":{"start":{"line":39,"column":4},"end":{"line":41,"column":5}},"5":{"start":{"line":40,"column":6},"end":{"line":40,"column":64}},"6":{"start":{"line":43,"column":17},"end":{"line":43,"column":38}},"7":{"start":{"line":44,"column":4},"end":{"line":44,"column":16}},"8":{"start":{"line":46,"column":4},"end":{"line":46,"column":61}},"9":{"start":{"line":47,"column":4},"end":{"line":47,"column":16}},"10":{"start":{"line":56,"column":2},"end":{"line":62,"column":4}},"11":{"start":{"line":73,"column":2},"end":{"line":118,"column":3}},"12":{"start":{"line":74,"column":21},"end":{"line":84,"column":6}},"13":{"start":{"line":86,"column":4},"end":{"line":88,"column":5}},"14":{"start":{"line":87,"column":6},"end":{"line":87,"column":64}},"15":{"start":{"line":90,"column":19},"end":{"line":90,"column":44}},"16":{"start":{"line":91,"column":20},"end":{"line":91,"column":37}},"17":{"start":{"line":93,"column":4},"end":{"line":114,"column":5}},"18":{"start":{"line":94,"column":30},"end":{"line":94,"column":49}},"19":{"start":{"line":95,"column":6},"end":{"line":95,"column":22}},"20":{"start":{"line":95,"column":16},"end":{"line":95,"column":22}},"21":{"start":{"line":97,"column":20},"end":{"line":97,"column":41}},"22":{"start":{"line":98,"column":20},"end":{"line":98,"column":37}},"23":{"start":{"line":100,"column":6},"end":{"line":113,"column":7}},"24":{"start":{"line":101,"column":8},"end":{"line":112,"column":9}},"25":{"start":{"line":102,"column":23},"end":{"line":102,"column":36}},"26":{"start":{"line":103,"column":10},"end":{"line":105,"column":11}},"27":{"start":{"line":104,"column":12},"end":{"line":104,"column":19}},"28":{"start":{"line":106,"column":10},"end":{"line":111,"column":11}},"29":{"start":{"line":107,"column":27},"end":{"line":107,"column":43}},"30":{"start":{"line":108,"column":12},"end":{"line":108,"column":28}},"31":{"start":{"line":110,"column":12},"end":{"line":110,"column":67}},"32":{"start":{"line":116,"column":4},"end":{"line":116,"column":57}},"33":{"start":{"line":117,"column":4},"end":{"line":117,"column":16}},"34":{"start":{"line":129,"column":2},"end":{"line":147,"column":3}},"35":{"start":{"line":130,"column":26},"end":{"line":134,"column":5}},"36":{"start":{"line":136,"column":19},"end":{"line":137,"column":87}},"37":{"start":{"line":139,"column":4},"end":{"line":143,"column":7}},"38":{"start":{"line":145,"column":4},"end":{"line":145,"column":76}},"39":{"start":{"line":146,"column":4},"end":{"line":146,"column":16}}},"fnMap":{"0":{"name":"chatWithClaude","decl":{"start":{"line":13,"column":22},"end":{"line":13,"column":36}},"loc":{"start":{"line":17,"column":2},"end":{"line":49,"column":1}},"line":17},"1":{"name":"getAvailableClaudeModels","decl":{"start":{"line":55,"column":16},"end":{"line":55,"column":40}},"loc":{"start":{"line":55,"column":43},"end":{"line":63,"column":1}},"line":55},"2":{"name":"streamChatWithClaude","decl":{"start":{"line":72,"column":22},"end":{"line":72,"column":42}},"loc":{"start":{"line":72,"column":100},"end":{"line":119,"column":1}},"line":72},"3":{"name":"generateSpiritualContent","decl":{"start":{"line":128,"column":22},"end":{"line":128,"column":46}},"loc":{"start":{"line":128,"column":93},"end":{"line":148,"column":1}},"line":128}},"branchMap":{"0":{"loc":{"start":{"line":1,"column":21},"end":{"line":1,"column":77}},"type":"binary-expr","locations":[{"start":{"line":1,"column":21},"end":{"line":1,"column":50}},{"start":{"line":1,"column":54},"end":{"line":1,"column":77}}],"line":1},"1":{"loc":{"start":{"line":15,"column":2},"end":{"line":15,"column":27}},"type":"default-arg","locations":[{"start":{"line":15,"column":10},"end":{"line":15,"column":27}}],"line":15},"2":{"loc":{"start":{"line":16,"column":2},"end":{"line":16,"column":14}},"type":"default-arg","locations":[{"start":{"line":16,"column":12},"end":{"line":16,"column":14}}],"line":16},"3":{"loc":{"start":{"line":19,"column":4},"end":{"line":19,"column":20}},"type":"default-arg","locations":[{"start":{"line":19,"column":16},"end":{"line":19,"column":20}}],"line":19},"4":{"loc":{"start":{"line":20,"column":4},"end":{"line":20,"column":21}},"type":"default-arg","locations":[{"start":{"line":20,"column":18},"end":{"line":20,"column":21}}],"line":20},"5":{"loc":{"start":{"line":21,"column":4},"end":{"line":21,"column":22}},"type":"default-arg","locations":[{"start":{"line":21,"column":20},"end":{"line":21,"column":22}}],"line":21},"6":{"loc":{"start":{"line":39,"column":4},"end":{"line":41,"column":5}},"type":"if","locations":[{"start":{"line":39,"column":4},"end":{"line":41,"column":5}},{"start":{},"end":{}}],"line":39},"7":{"loc":{"start":{"line":72,"column":59},"end":{"line":72,"column":84}},"type":"default-arg","locations":[{"start":{"line":72,"column":67},"end":{"line":72,"column":84}}],"line":72},"8":{"loc":{"start":{"line":72,"column":86},"end":{"line":72,"column":98}},"type":"default-arg","locations":[{"start":{"line":72,"column":96},"end":{"line":72,"column":98}}],"line":72},"9":{"loc":{"start":{"line":86,"column":4},"end":{"line":88,"column":5}},"type":"if","locations":[{"start":{"line":86,"column":4},"end":{"line":88,"column":5}},{"start":{},"end":{}}],"line":86},"10":{"loc":{"start":{"line":95,"column":6},"end":{"line":95,"column":22}},"type":"if","locations":[{"start":{"line":95,"column":6},"end":{"line":95,"column":22}},{"start":{},"end":{}}],"line":95},"11":{"loc":{"start":{"line":101,"column":8},"end":{"line":112,"column":9}},"type":"if","locations":[{"start":{"line":101,"column":8},"end":{"line":112,"column":9}},{"start":{},"end":{}}],"line":101},"12":{"loc":{"start":{"line":103,"column":10},"end":{"line":105,"column":11}},"type":"if","locations":[{"start":{"line":103,"column":10},"end":{"line":105,"column":11}},{"start":{},"end":{}}],"line":103},"13":{"loc":{"start":{"line":128,"column":54},"end":{"line":128,"column":74}},"type":"default-arg","locations":[{"start":{"line":128,"column":61},"end":{"line":128,"column":74}}],"line":128},"14":{"loc":{"start":{"line":128,"column":76},"end":{"line":128,"column":91}},"type":"default-arg","locations":[{"start":{"line":128,"column":87},"end":{"line":128,"column":91}}],"line":128}},"s":{"0":1,"1":9,"2":9,"3":9,"4":6,"5":1,"6":5,"7":5,"8":4,"9":4,"10":2,"11":4,"12":4,"13":4,"14":1,"15":3,"16":3,"17":3,"18":5,"19":5,"20":1,"21":4,"22":4,"23":4,"24":6,"25":4,"26":4,"27":2,"28":2,"29":2,"30":1,"31":1,"32":1,"33":1,"34":4,"35":4,"36":4,"37":4,"38":1,"39":1},"f":{"0":9,"1":2,"2":4,"3":4},"b":{"0":[1,1],"1":[4],"2":[4],"3":[4],"4":[4],"5":[4],"6":[1,5],"7":[3],"8":[3],"9":[1,3],"10":[1,4],"11":[4,2],"12":[2,2],"13":[2],"14":[2]},"_coverageSchema":"1a1c01bbd47fc00a2c39e90264f33305004495a9","hash":"5f6818e9abd59dbad39f871ea31b92e5529b1290"}
,"/home/runner/work/AI-Video-Generator-main/AI-Video-Generator-main/src/api/text-to-speech.js": {"path":"/home/runner/work/AI-Video-Generator-main/AI-Video-Generator-main/src/api/text-to-speech.js","statementMap":{"0":{"start":{"line":1,"column":21},"end":{"line":1,"column":77}},"1":{"start":{"line":19,"column":6},"end":{"line":19,"column":13}},"2":{"start":{"line":21,"column":2},"end":{"line":45,"column":3}},"3":{"start":{"line":22,"column":21},"end":{"line":34,"column":6}},"4":{"start":{"line":36,"column":4},"end":{"line":38,"column":5}},"5":{"start":{"line":37,"column":6},"end":{"line":37,"column":64}},"6":{"start":{"line":40,"column":17},"end":{"line":40,"column":38}},"7":{"start":{"line":41,"column":4},"end":{"line":41,"column":16}},"8":{"start":{"line":43,"column":4},"end":{"line":43,"column":53}},"9":{"start":{"line":44,"column":4},"end":{"line":44,"column":16}},"10":{"start":{"line":54,"column":2},"end":{"line":72,"column":3}},"11":{"start":{"line":55,"column":21},"end":{"line":55,"column":87}},"12":{"start":{"line":57,"column":4},"end":{"line":59,"column":5}},"13":{"start":{"line":58,"column":6},"end":{"line":58,"column":64}},"14":{"start":{"line":61,"column":17},"end":{"line":61,"column":38}},"15":{"start":{"line":62,"column":4},"end":{"line":62,"column":29}},"16":{"start":{"line":64,"column":4},"end":{"line":64,"column":61}},"17":{"start":{"line":66,"column":4},"end":{"line":71,"column":6}},"18":{"start":{"line":87,"column":6},"end":{"line":87,"column":13}},"19":{"start":{"line":89,"column":2},"end":{"line":119,"column":3}},"20":{"start":{"line":90,"column":21},"end":{"line":102,"column":6}},"21":{"start":{"line":104,"column":4},"end":{"line":106,"column":5}},"22":{"start":{"line":105,"column":6},"end":{"line":105,"column":64}},"23":{"start":{"line":108,"column":19},"end":{"line":108,"column":44}},"24":{"start":{"line":110,"column":4},"end":{"line":115,"column":5}},"25":{"start":{"line":111,"column":30},"end":{"line":111,"column":49}},"26":{"start":{"line":112,"column":6},"end":{"line":112,"column":22}},"27":{"start":{"line":112,"column":16},"end":{"line":112,"column":22}},"28":{"start":{"line":114,"column":6},"end":{"line":114,"column":21}},"29":{"start":{"line":117,"column":4},"end":{"line":117,"column":49}},"30":{"start":{"line":118,"column":4},"end":{"line":118,"column":16}},"31":{"start":{"line":130,"column":23},"end":{"line":135,"column":3}},"32":{"start":{"line":137,"column":17},"end":{"line":137,"column":64}},"33":{"start":{"line":139,"column":2},"end":{"line":143,"column":5}},"34":{"start":{"line":152,"column":2},"end":{"line":163,"column":3}},"35":{"start":{"line":153,"column":21},"end":{"line":153,"column":79}},"36":{"start":{"line":155,"column":4},"end":{"line":157,"column":5}},"37":{"start":{"line":156,"column":6},"end":{"line":156,"column":64}},"38":{"start":{"line":159,"column":4},"end":{"line":159,"column":33}},"39":{"start":{"line":161,"column":4},"end":{"line":161,"column":55}},"40":{"start":{"line":162,"column":4},"end":{"line":162,"column":16}},"41":{"start":{"line":172,"column":2},"end":{"line":183,"column":3}},"42":{"start":{"line":173,"column":21},"end":{"line":173,"column":79}},"43":{"start":{"line":175,"column":4},"end":{"line":177,"column":5}},"44":{"start":{"line":176,"column":6},"end":{"line":176,"column":64}},"45":{"start":{"line":179,"column":4},"end":{"line":179,"column":33}},"46":{"start":{"line":181,"column":4},"end":{"line":181,"column":53}},"47":{"start":{"line":182,"column":4},"end":{"line":182,"column":16}}},"fnMap":{"0":{"name":"textToSpeech","decl":{"start":{"line":13,"column":22},"end":{"line":13,"column":34}},"loc":{"start":{"line":13,"column":55},"end":{"line":46,"column":1}},"line":13},"1":{"name":"getAvailableVoices","decl":{"start":{"line":53,"column":22},"end":{"line":53,"column":40}},"loc":{"start":{"line":53,"column":59},"end":{"line":73,"column":1}},"line":53},"2":{"name":"streamTextToSpeech","decl":{"start":{"line":81,"column":22},"end":{"line":81,"column":40}},"loc":{"start":{"line":81,"column":70},"end":{"line":120,"column":1}},"line":81},"3":{"name":"spiritualTextToSpeech","decl":{"start":{"line":129,"column":22},"end":{"line":129,"column":43}},"loc":{"start":{"line":129,"column":88},"end":{"line":144,"column":1}},"line":129},"4":{"name":"getTTSStatus","decl":{"start":{"line":151,"column":22},"end":{"line":151,"column":34}},"loc":{"start":{"line":151,"column":46},"end":{"line":164,"column":1}},"line":151},"5":{"name":"downloadAudio","decl":{"start":{"line":171,"column":22},"end":{"line":171,"column":35}},"loc":{"start":{"line":171,"column":45},"end":{"line":184,"column":1}},"line":171}},"branchMap":{"0":{"loc":{"start":{"line":1,"column":21},"end":{"line":1,"column":77}},"type":"binary-expr","locations":[{"start":{"line":1,"column":21},"end":{"line":1,"column":50}},{"start":{"line":1,"column":54},"end":{"line":1,"column":77}}],"line":1},"1":{"loc":{"start":{"line":13,"column":41},"end":{"line":13,"column":53}},"type":"default-arg","locations":[{"start":{"line":13,"column":51},"end":{"line":13,"column":53}}],"line":13},"2":{"loc":{"start":{"line":15,"column":4},"end":{"line":15,"column":21}},"type":"default-arg","locations":[{"start":{"line":15,"column":12},"end":{"line":15,"column":21}}],"line":15},"3":{"loc":{"start":{"line":16,"column":4},"end":{"line":16,"column":19}},"type":"default-arg","locations":[{"start":{"line":16,"column":15},"end":{"line":16,"column":19}}],"line":16},"4":{"loc":{"start":{"line":17,"column":4},"end":{"line":17,"column":15}},"type":"default-arg","locations":[{"start":{"line":17,"column":12},"end":{"line":17,"column":15}}],"line":17},"5":{"loc":{"start":{"line":18,"column":4},"end":{"line":18,"column":18}},"type":"default-arg","locations":[{"start":{"line":18,"column":13},"end":{"line":18,"column":18}}],"line":18},"6":{"loc":{"start":{"line":36,"column":4},"end":{"line":38,"column":5}},"type":"if","locations":[{"start":{"line":36,"column":4},"end":{"line":38,"column":5}},{"start":{},"end":{}}],"line":36},"7":{"loc":{"start":{"line":53,"column":41},"end":{"line":53,"column":57}},"type":"default-arg","locations":[{"start":{"line":53,"column":52},"end":{"line":53,"column":57}}],"line":53},"8":{"loc":{"start":{"line":57,"column":4},"end":{"line":59,"column":5}},"type":"if","locations":[{"start":{"line":57,"column":4},"end":{"line":59,"column":5}},{"start":{},"end":{}}],"line":57},"9":{"loc":{"start":{"line":62,"column":11},"end":{"line":62,"column":28}},"type":"binary-expr","locations":[{"start":{"line":62,"column":11},"end":{"line":62,"column":22}},{"start":{"line":62,"column":26},"end":{"line":62,"column":28}}],"line":62},"10":{"loc":{"start":{"line":81,"column":56},"end":{"line":81,"column":68}},"type":"default-arg","locations":[{"start":{"line":81,"column":66},"end":{"line":81,"column":68}}],"line":81},"11":{"loc":{"start":{"line":83,"column":4},"end":{"line":83,"column":21}},"type":"default-arg","locations":[{"start":{"line":83,"column":12},"end":{"line":83,"column":21}}],"line":83},"12":{"loc":{"start":{"line":84,"column":4},"end":{"line":84,"column":19}},"type":"default-arg","locations":[{"start":{"line":84,"column":15},"end":{"line":84,"column":19}}],"line":84},"13":{"loc":{"start":{"line":85,"column":4},"end":{"line":85,"column":15}},"type":"default-arg","locations":[{"start":{"line":85,"column":12},"end":{"line":85,"column":15}}],"line":85},"14":{"loc":{"start":{"line":86,"column":4},"end":{"line":86,"column":18}},"type":"default-arg","locations":[{"start":{"line":86,"column":13},"end":{"line":86,"column":18}}],"line":86},"15":{"loc":{"start":{"line":104,"column":4},"end":{"line":106,"column":5}},"type":"if","locations":[{"start":{"line":104,"column":4},"end":{"line":106,"column":5}},{"start":{},"end":{}}],"line":104},"16":{"loc":{"start":{"line":112,"column":6},"end":{"line":112,"column":22}},"type":"if","locations":[{"start":{"line":112,"column":6},"end":{"line":112,"column":22}},{"start":{},"end":{}}],"line":112},"17":{"loc":{"start":{"line":129,"column":50},"end":{"line":129,"column":69}},"type":"default-arg","locations":[{"start":{"line":129,"column":62},"end":{"line":129,"column":69}}],"line":129},"18":{"loc":{"start":{"line":129,"column":71},"end":{"line":129,"column":86}},"type":"default-arg","locations":[{"start":{"line":129,"column":82},"end":{"line":129,"column":86}}],"line":129},"19":{"loc":{"start":{"line":137,"column":17},"end":{"line":137,"column":64}},"type":"binary-expr","locations":[{"start":{"line":137,"column":17},"end":{"line":137,"column":40}},{"start":{"line":137,"column":44},"end":{"line":137,"column":64}}],"line":137},"20":{"loc":{"start":{"line":155,"column":4},"end":{"line":157,"column":5}},"type":"if","locations":[{"start":{"line":155,"column":4},"end":{"line":157,"column":5}},{"start":{},"end":{}}],"line":155},"21":{"loc":{"start":{"line":175,"column":4},"end":{"line":177,"column":5}},"type":"if","locations":[{"start":{"line":175,"column":4},"end":{"line":177,"column":5}},{"start":{},"end":{}}],"line":175}},"s":{"0":1,"1":9,"2":9,"3":9,"4":7,"5":1,"6":6,"7":6,"8":3,"9":3,"10":4,"11":4,"12":3,"13":0,"14":3,"15":3,"16":1,"17":1,"18":4,"19":4,"20":4,"21":3,"22":1,"23":2,"24":2,"25":4,"26":4,"27":2,"28":2,"29":2,"30":2,"31":4,"32":4,"33":4,"34":2,"35":2,"36":2,"37":1,"38":1,"39":1,"40":1,"41":3,"42":3,"43":2,"44":1,"45":1,"46":2,"47":2},"f":{"0":9,"1":4,"2":4,"3":4,"4":2,"5":3},"b":{"0":[1,1],"1":[4],"2":[4],"3":[4],"4":[4],"5":[4],"6":[1,6],"7":[2],"8":[0,3],"9":[3,1],"10":[3],"11":[3],"12":[3],"13":[3],"14":[4],"15":[1,2],"16":[2,2],"17":[0],"18":[0],"19":[4,1],"20":[1,1],"21":[1,1]},"_coverageSchema":"1a1c01bbd47fc00a2c39e90264f33305004495a9","hash":"5c8dbeed7876fba05f224e2a121a313e320caa02"}
,"/home/runner/work/AI-Video-Generator-main/AI-Video-Generator-main/src/gurus/BhaktiGuru.js": {"path":"/home/runner/work/AI-Video-Generator-main/AI-Video-Generator-main/src/gurus/BhaktiGuru.js","statementMap":{"0":{"start":{"line":5,"column":8},"end":{"line":5,"column":40}},"1":{"start":{"line":6,"column":8},"end":{"line":6,"column":71}},"2":{"start":{"line":7,"column":8},"end":{"line":32,"column":60}},"3":{"start":{"line":36,"column":23},"end":{"line":40,"column":10}},"4":{"start":{"line":42,"column":8},"end":{"line":57,"column":9}},"5":{"start":{"line":43,"column":29},"end":{"line":49,"column":14}},"6":{"start":{"line":51,"column":12},"end":{"line":51,"column":41}},"7":{"start":{"line":53,"column":12},"end":{"line":53,"column":72}},"8":{"start":{"line":54,"column":12},"end":{"line":56,"column":14}},"9":{"start":{"line":61,"column":8},"end":{"line":70,"column":10}}},"fnMap":{"0":{"name":"(anonymous_0)","decl":{"start":{"line":4,"column":4},"end":{"line":4,"column":5}},"loc":{"start":{"line":4,"column":18},"end":{"line":33,"column":5}},"line":4},"1":{"name":"(anonymous_1)","decl":{"start":{"line":35,"column":4},"end":{"line":35,"column":5}},"loc":{"start":{"line":35,"column":32},"end":{"line":58,"column":5}},"line":35},"2":{"name":"(anonymous_2)","decl":{"start":{"line":60,"column":4},"end":{"line":60,"column":5}},"loc":{"start":{"line":60,"column":19},"end":{"line":71,"column":5}},"line":60}},"branchMap":{},"s":{"0":0,"1":0,"2":0,"3":0,"4":0,"5":0,"6":0,"7":0,"8":0,"9":0},"f":{"0":0,"1":0,"2":0},"b":{}}
,"/home/runner/work/AI-Video-Generator-main/AI-Video-Generator-main/src/gurus/BojanGuru.js": {"path":"/home/runner/work/AI-Video-Generator-main/AI-Video-Generator-main/src/gurus/BojanGuru.js","statementMap":{"0":{"start":{"line":6,"column":8},"end":{"line":6,"column":39}},"1":{"start":{"line":7,"column":8},"end":{"line":7,"column":87}},"2":{"start":{"line":8,"column":8},"end":{"line":14,"column":93}},"3":{"start":{"line":18,"column":23},"end":{"line":22,"column":10}},"4":{"start":{"line":24,"column":8},"end":{"line":39,"column":9}},"5":{"start":{"line":25,"column":29},"end":{"line":31,"column":14}},"6":{"start":{"line":33,"column":12},"end":{"line":33,"column":41}},"7":{"start":{"line":35,"column":12},"end":{"line":35,"column":71}},"8":{"start":{"line":36,"column":12},"end":{"line":38,"column":14}},"9":{"start":{"line":43,"column":8},"end":{"line":49,"column":10}}},"fnMap":{"0":{"name":"(anonymous_0)","decl":{"start":{"line":5,"column":4},"end":{"line":5,"column":5}},"loc":{"start":{"line":5,"column":18},"end":{"line":15,"column":5}},"line":5},"1":{"name":"(anonymous_1)","decl":{"start":{"line":17,"column":4},"end":{"line":17,"column":5}},"loc":{"start":{"line":17,"column":32},"end":{"line":40,"column":5}},"line":17},"2":{"name":"(anonymous_2)","decl":{"start":{"line":42,"column":4},"end":{"line":42,"column":5}},"loc":{"start":{"line":42,"column":19},"end":{"line":50,"column":5}},"line":42}},"branchMap":{},"s":{"0":0,"1":0,"2":0,"3":0,"4":0,"5":0,"6":0,"7":0,"8":0,"9":0},"f":{"0":0,"1":0,"2":0},"b":{}}
,"/home/runner/work/AI-Video-Generator-main/AI-Video-Generator-main/src/gurus/KarmaGuru.js": {"path":"/home/runner/work/AI-Video-Generator-main/AI-Video-Generator-main/src/gurus/KarmaGuru.js","statementMap":{"0":{"start":{"line":5,"column":8},"end":{"line":5,"column":39}},"1":{"start":{"line":6,"column":8},"end":{"line":6,"column":67}},"2":{"start":{"line":7,"column":8},"end":{"line":26,"column":51}},"3":{"start":{"line":30,"column":23},"end":{"line":34,"column":10}},"4":{"start":{"line":36,"column":8},"end":{"line":51,"column":9}},"5":{"start":{"line":37,"column":29},"end":{"line":43,"column":14}},"6":{"start":{"line":45,"column":12},"end":{"line":45,"column":41}},"7":{"start":{"line":47,"column":12},"end":{"line":47,"column":71}},"8":{"start":{"line":48,"column":12},"end":{"line":50,"column":14}},"9":{"start":{"line":55,"column":8},"end":{"line":63,"column":10}}},"fnMap":{"0":{"name":"(anonymous_0)","decl":{"start":{"line":4,"column":4},"end":{"line":4,"column":5}},"loc":{"start":{"line":4,"column":18},"end":{"line":27,"column":5}},"line":4},"1":{"name":"(anonymous_1)","decl":{"start":{"line":29,"column":4},"end":{"line":29,"column":5}},"loc":{"start":{"line":29,"column":32},"end":{"line":52,"column":5}},"line":29},"2":{"name":"(anonymous_2)","decl":{"start":{"line":54,"column":4},"end":{"line":54,"column":5}},"loc":{"start":{"line":54,"column":19},"end":{"line":64,"column":5}},"line":54}},"branchMap":{},"s":{"0":0,"1":0,"2":0,"3":0,"4":0,"5":0,"6":0,"7":0,"8":0,"9":0},"f":{"0":0,"1":0,"2":0},"b":{}}
,"/home/runner/work/AI-Video-Generator-main/AI-Video-Generator-main/src/gurus/MeditationGuru.js": {"path":"/home/runner/work/AI-Video-Generator-main/AI-Video-Generator-main/src/gurus/MeditationGuru.js","statementMap":{"0":{"start":{"line":5,"column":8},"end":{"line":5,"column":44}},"1":{"start":{"line":6,"column":8},"end":{"line":6,"column":85}},"2":{"start":{"line":7,"column":8},"end":{"line":11,"column":10}},"3":{"start":{"line":12,"column":8},"end":{"line":47,"column":42}},"4":{"start":{"line":51,"column":23},"end":{"line":55,"column":10}},"5":{"start":{"line":57,"column":8},"end":{"line":72,"column":9}},"6":{"start":{"line":58,"column":29},"end":{"line":64,"column":14}},"7":{"start":{"line":66,"column":12},"end":{"line":66,"column":41}},"8":{"start":{"line":68,"column":12},"end":{"line":68,"column":76}},"9":{"start":{"line":69,"column":12},"end":{"line":71,"column":14}},"10":{"start":{"line":76,"column":8},"end":{"line":94,"column":9}},"11":{"start":{"line":77,"column":29},"end":{"line":87,"column":14}},"12":{"start":{"line":88,"column":12},"end":{"line":88,"column":41}},"13":{"start":{"line":90,"column":12},"end":{"line":90,"column":67}},"14":{"start":{"line":91,"column":12},"end":{"line":93,"column":14}},"15":{"start":{"line":98,"column":8},"end":{"line":118,"column":9}},"16":{"start":{"line":99,"column":29},"end":{"line":110,"column":14}},"17":{"start":{"line":111,"column":12},"end":{"line":111,"column":41}},"18":{"start":{"line":113,"column":12},"end":{"line":113,"column":71}},"19":{"start":{"line":114,"column":12},"end":{"line":117,"column":14}},"20":{"start":{"line":122,"column":8},"end":{"line":141,"column":9}},"21":{"start":{"line":123,"column":29},"end":{"line":133,"column":14}},"22":{"start":{"line":134,"column":12},"end":{"line":134,"column":41}},"23":{"start":{"line":136,"column":12},"end":{"line":136,"column":69}},"24":{"start":{"line":137,"column":12},"end":{"line":140,"column":14}},"25":{"start":{"line":145,"column":8},"end":{"line":164,"column":9}},"26":{"start":{"line":146,"column":29},"end":{"line":156,"column":14}},"27":{"start":{"line":157,"column":12},"end":{"line":157,"column":41}},"28":{"start":{"line":159,"column":12},"end":{"line":159,"column":69}},"29":{"start":{"line":160,"column":12},"end":{"line":163,"column":14}},"30":{"start":{"line":168,"column":8},"end":{"line":177,"column":9}},"31":{"start":{"line":169,"column":29},"end":{"line":169,"column":83}},"32":{"start":{"line":170,"column":12},"end":{"line":170,"column":41}},"33":{"start":{"line":172,"column":12},"end":{"line":172,"column":67}},"34":{"start":{"line":173,"column":12},"end":{"line":176,"column":14}},"35":{"start":{"line":181,"column":8},"end":{"line":193,"column":9}},"36":{"start":{"line":182,"column":29},"end":{"line":182,"column":92}},"37":{"start":{"line":183,"column":12},"end":{"line":183,"column":41}},"38":{"start":{"line":185,"column":12},"end":{"line":185,"column":70}},"39":{"start":{"line":186,"column":12},"end":{"line":192,"column":14}},"40":{"start":{"line":197,"column":8},"end":{"line":216,"column":9}},"41":{"start":{"line":198,"column":29},"end":{"line":209,"column":14}},"42":{"start":{"line":210,"column":12},"end":{"line":210,"column":41}},"43":{"start":{"line":212,"column":12},"end":{"line":212,"column":64}},"44":{"start":{"line":213,"column":12},"end":{"line":215,"column":14}},"45":{"start":{"line":220,"column":8},"end":{"line":237,"column":9}},"46":{"start":{"line":221,"column":29},"end":{"line":230,"column":14}},"47":{"start":{"line":231,"column":12},"end":{"line":231,"column":41}},"48":{"start":{"line":233,"column":12},"end":{"line":233,"column":69}},"49":{"start":{"line":234,"column":12},"end":{"line":236,"column":14}},"50":{"start":{"line":241,"column":8},"end":{"line":259,"column":9}},"51":{"start":{"line":242,"column":29},"end":{"line":252,"column":14}},"52":{"start":{"line":253,"column":12},"end":{"line":253,"column":41}},"53":{"start":{"line":255,"column":12},"end":{"line":255,"column":69}},"54":{"start":{"line":256,"column":12},"end":{"line":258,"column":14}},"55":{"start":{"line":269,"column":12},"end":{"line":269,"column":27}},"56":{"start":{"line":272,"column":30},"end":{"line":272,"column":60}},"57":{"start":{"line":273,"column":35},"end":{"line":273,"column":37}},"58":{"start":{"line":276,"column":8},"end":{"line":306,"column":9}},"59":{"start":{"line":277,"column":12},"end":{"line":305,"column":13}},"60":{"start":{"line":279,"column":16},"end":{"line":281,"column":17}},"61":{"start":{"line":280,"column":20},"end":{"line":280,"column":29}},"62":{"start":{"line":284,"column":38},"end":{"line":284,"column":68}},"63":{"start":{"line":285,"column":16},"end":{"line":287,"column":17}},"64":{"start":{"line":286,"column":20},"end":{"line":286,"column":29}},"65":{"start":{"line":290,"column":40},"end":{"line":296,"column":17}},"66":{"start":{"line":298,"column":16},"end":{"line":304,"column":17}},"67":{"start":{"line":299,"column":20},"end":{"line":303,"column":23}},"68":{"start":{"line":309,"column":8},"end":{"line":323,"column":11}},"69":{"start":{"line":311,"column":12},"end":{"line":314,"column":13}},"70":{"start":{"line":312,"column":16},"end":{"line":312,"column":81}},"71":{"start":{"line":312,"column":71},"end":{"line":312,"column":81}},"72":{"start":{"line":313,"column":16},"end":{"line":313,"column":80}},"73":{"start":{"line":313,"column":71},"end":{"line":313,"column":80}},"74":{"start":{"line":317,"column":12},"end":{"line":320,"column":13}},"75":{"start":{"line":318,"column":16},"end":{"line":318,"column":60}},"76":{"start":{"line":318,"column":50},"end":{"line":318,"column":60}},"77":{"start":{"line":319,"column":16},"end":{"line":319,"column":59}},"78":{"start":{"line":319,"column":50},"end":{"line":319,"column":59}},"79":{"start":{"line":322,"column":12},"end":{"line":322,"column":21}},"80":{"start":{"line":325,"column":8},"end":{"line":328,"column":10}},"81":{"start":{"line":332,"column":25},"end":{"line":354,"column":9}},"82":{"start":{"line":356,"column":8},"end":{"line":356,"column":91}},"83":{"start":{"line":360,"column":8},"end":{"line":371,"column":10}},"84":{"start":{"line":375,"column":8},"end":{"line":532,"column":10}},"85":{"start":{"line":536,"column":22},"end":{"line":585,"column":5}},"86":{"start":{"line":588,"column":23},"end":{"line":610,"column":5}},"87":{"start":{"line":621,"column":12},"end":{"line":621,"column":20}},"88":{"start":{"line":623,"column":8},"end":{"line":648,"column":9}},"89":{"start":{"line":624,"column":29},"end":{"line":641,"column":14}},"90":{"start":{"line":642,"column":12},"end":{"line":642,"column":41}},"91":{"start":{"line":644,"column":12},"end":{"line":644,"column":71}},"92":{"start":{"line":645,"column":12},"end":{"line":647,"column":14}},"93":{"start":{"line":653,"column":25},"end":{"line":665,"column":10}},"94":{"start":{"line":666,"column":8},"end":{"line":666,"column":37}},"95":{"start":{"line":671,"column":25},"end":{"line":675,"column":10}},"96":{"start":{"line":676,"column":8},"end":{"line":676,"column":37}},"97":{"start":{"line":681,"column":25},"end":{"line":685,"column":10}},"98":{"start":{"line":686,"column":8},"end":{"line":686,"column":37}},"99":{"start":{"line":691,"column":25},"end":{"line":692,"column":28}},"100":{"start":{"line":693,"column":8},"end":{"line":693,"column":37}},"101":{"start":{"line":698,"column":8},"end":{"line":704,"column":10}},"102":{"start":{"line":709,"column":25},"end":{"line":721,"column":10}},"103":{"start":{"line":722,"column":8},"end":{"line":722,"column":37}},"104":{"start":{"line":727,"column":25},"end":{"line":731,"column":10}},"105":{"start":{"line":732,"column":8},"end":{"line":732,"column":37}},"106":{"start":{"line":737,"column":25},"end":{"line":741,"column":10}},"107":{"start":{"line":742,"column":8},"end":{"line":742,"column":37}},"108":{"start":{"line":747,"column":25},"end":{"line":748,"column":28}},"109":{"start":{"line":749,"column":8},"end":{"line":749,"column":37}},"110":{"start":{"line":754,"column":8},"end":{"line":758,"column":10}},"111":{"start":{"line":770,"column":12},"end":{"line":770,"column":22}},"112":{"start":{"line":772,"column":8},"end":{"line":797,"column":9}},"113":{"start":{"line":773,"column":29},"end":{"line":790,"column":14}},"114":{"start":{"line":791,"column":12},"end":{"line":791,"column":41}},"115":{"start":{"line":793,"column":12},"end":{"line":793,"column":69}},"116":{"start":{"line":794,"column":12},"end":{"line":796,"column":14}},"117":{"start":{"line":801,"column":8},"end":{"line":815,"column":9}},"118":{"start":{"line":802,"column":29},"end":{"line":808,"column":14}},"119":{"start":{"line":809,"column":12},"end":{"line":809,"column":41}},"120":{"start":{"line":811,"column":12},"end":{"line":811,"column":71}},"121":{"start":{"line":812,"column":12},"end":{"line":814,"column":14}},"122":{"start":{"line":819,"column":24},"end":{"line":860,"column":9}},"123":{"start":{"line":864,"column":8},"end":{"line":868,"column":10}}},"fnMap":{"0":{"name":"(anonymous_0)","decl":{"start":{"line":4,"column":4},"end":{"line":4,"column":5}},"loc":{"start":{"line":4,"column":18},"end":{"line":48,"column":5}},"line":4},"1":{"name":"(anonymous_1)","decl":{"start":{"line":50,"column":4},"end":{"line":50,"column":5}},"loc":{"start":{"line":50,"column":32},"end":{"line":73,"column":5}},"line":50},"2":{"name":"(anonymous_2)","decl":{"start":{"line":75,"column":4},"end":{"line":75,"column":5}},"loc":{"start":{"line":75,"column":82},"end":{"line":95,"column":5}},"line":75},"3":{"name":"(anonymous_3)","decl":{"start":{"line":97,"column":4},"end":{"line":97,"column":5}},"loc":{"start":{"line":97,"column":57},"end":{"line":119,"column":5}},"line":97},"4":{"name":"(anonymous_4)","decl":{"start":{"line":121,"column":4},"end":{"line":121,"column":5}},"loc":{"start":{"line":121,"column":54},"end":{"line":142,"column":5}},"line":121},"5":{"name":"(anonymous_5)","decl":{"start":{"line":144,"column":4},"end":{"line":144,"column":5}},"loc":{"start":{"line":144,"column":68},"end":{"line":165,"column":5}},"line":144},"6":{"name":"(anonymous_6)","decl":{"start":{"line":167,"column":4},"end":{"line":167,"column":5}},"loc":{"start":{"line":167,"column":36},"end":{"line":178,"column":5}},"line":167},"7":{"name":"(anonymous_7)","decl":{"start":{"line":180,"column":4},"end":{"line":180,"column":5}},"loc":{"start":{"line":180,"column":33},"end":{"line":194,"column":5}},"line":180},"8":{"name":"(anonymous_8)","decl":{"start":{"line":196,"column":4},"end":{"line":196,"column":5}},"loc":{"start":{"line":196,"column":49},"end":{"line":217,"column":5}},"line":196},"9":{"name":"(anonymous_9)","decl":{"start":{"line":219,"column":4},"end":{"line":219,"column":5}},"loc":{"start":{"line":219,"column":48},"end":{"line":238,"column":5}},"line":219},"10":{"name":"(anonymous_10)","decl":{"start":{"line":240,"column":4},"end":{"line":240,"column":5}},"loc":{"start":{"line":240,"column":63},"end":{"line":260,"column":5}},"line":240},"11":{"name":"(anonymous_11)","decl":{"start":{"line":262,"column":4},"end":{"line":262,"column":5}},"loc":{"start":{"line":262,"column":57},"end":{"line":329,"column":5}},"line":262},"12":{"name":"(anonymous_12)","decl":{"start":{"line":309,"column":34},"end":{"line":309,"column":35}},"loc":{"start":{"line":309,"column":44},"end":{"line":323,"column":9}},"line":309},"13":{"name":"(anonymous_13)","decl":{"start":{"line":331,"column":4},"end":{"line":331,"column":5}},"loc":{"start":{"line":331,"column":43},"end":{"line":357,"column":5}},"line":331},"14":{"name":"(anonymous_14)","decl":{"start":{"line":359,"column":4},"end":{"line":359,"column":5}},"loc":{"start":{"line":359,"column":19},"end":{"line":372,"column":5}},"line":359},"15":{"name":"(anonymous_15)","decl":{"start":{"line":374,"column":4},"end":{"line":374,"column":5}},"loc":{"start":{"line":374,"column":30},"end":{"line":533,"column":5}},"line":374},"16":{"name":"(anonymous_16)","decl":{"start":{"line":612,"column":4},"end":{"line":612,"column":5}},"loc":{"start":{"line":612,"column":44},"end":{"line":649,"column":5}},"line":612},"17":{"name":"(anonymous_17)","decl":{"start":{"line":652,"column":4},"end":{"line":652,"column":5}},"loc":{"start":{"line":652,"column":41},"end":{"line":667,"column":5}},"line":652},"18":{"name":"(anonymous_18)","decl":{"start":{"line":670,"column":4},"end":{"line":670,"column":5}},"loc":{"start":{"line":670,"column":32},"end":{"line":677,"column":5}},"line":670},"19":{"name":"(anonymous_19)","decl":{"start":{"line":680,"column":4},"end":{"line":680,"column":5}},"loc":{"start":{"line":680,"column":71},"end":{"line":687,"column":5}},"line":680},"20":{"name":"(anonymous_20)","decl":{"start":{"line":690,"column":4},"end":{"line":690,"column":5}},"loc":{"start":{"line":690,"column":36},"end":{"line":694,"column":5}},"line":690},"21":{"name":"(anonymous_21)","decl":{"start":{"line":697,"column":4},"end":{"line":697,"column":5}},"loc":{"start":{"line":697,"column":27},"end":{"line":705,"column":5}},"line":697},"22":{"name":"(anonymous_22)","decl":{"start":{"line":708,"column":4},"end":{"line":708,"column":5}},"loc":{"start":{"line":708,"column":121},"end":{"line":723,"column":5}},"line":708},"23":{"name":"(anonymous_23)","decl":{"start":{"line":726,"column":4},"end":{"line":726,"column":5}},"loc":{"start":{"line":726,"column":41},"end":{"line":733,"column":5}},"line":726},"24":{"name":"(anonymous_24)","decl":{"start":{"line":736,"column":4},"end":{"line":736,"column":5}},"loc":{"start":{"line":736,"column":73},"end":{"line":743,"column":5}},"line":736},"25":{"name":"(anonymous_25)","decl":{"start":{"line":746,"column":4},"end":{"line":746,"column":5}},"loc":{"start":{"line":746,"column":36},"end":{"line":750,"column":5}},"line":746},"26":{"name":"(anonymous_26)","decl":{"start":{"line":753,"column":4},"end":{"line":753,"column":5}},"loc":{"start":{"line":753,"column":30},"end":{"line":759,"column":5}},"line":753},"27":{"name":"(anonymous_27)","decl":{"start":{"line":761,"column":4},"end":{"line":761,"column":5}},"loc":{"start":{"line":761,"column":55},"end":{"line":798,"column":5}},"line":761},"28":{"name":"(anonymous_28)","decl":{"start":{"line":800,"column":4},"end":{"line":800,"column":5}},"loc":{"start":{"line":800,"column":59},"end":{"line":816,"column":5}},"line":800},"29":{"name":"(anonymous_29)","decl":{"start":{"line":818,"column":4},"end":{"line":818,"column":5}},"loc":{"start":{"line":818,"column":68},"end":{"line":869,"column":5}},"line":818}},"branchMap":{"0":{"loc":{"start":{"line":75,"column":28},"end":{"line":75,"column":48}},"type":"default-arg","locations":[{"start":{"line":75,"column":39},"end":{"line":75,"column":48}}],"line":75},"1":{"loc":{"start":{"line":75,"column":50},"end":{"line":75,"column":80}},"type":"default-arg","locations":[{"start":{"line":75,"column":67},"end":{"line":75,"column":80}}],"line":75},"2":{"loc":{"start":{"line":97,"column":31},"end":{"line":97,"column":43}},"type":"default-arg","locations":[{"start":{"line":97,"column":42},"end":{"line":97,"column":43}}],"line":97},"3":{"loc":{"start":{"line":97,"column":45},"end":{"line":97,"column":55}},"type":"default-arg","locations":[{"start":{"line":97,"column":53},"end":{"line":97,"column":55}}],"line":97},"4":{"loc":{"start":{"line":121,"column":42},"end":{"line":121,"column":52}},"type":"default-arg","locations":[{"start":{"line":121,"column":50},"end":{"line":121,"column":52}}],"line":121},"5":{"loc":{"start":{"line":219,"column":29},"end":{"line":219,"column":46}},"type":"default-arg","locations":[{"start":{"line":219,"column":41},"end":{"line":219,"column":46}}],"line":219},"6":{"loc":{"start":{"line":240,"column":41},"end":{"line":240,"column":61}},"type":"default-arg","locations":[{"start":{"line":240,"column":52},"end":{"line":240,"column":61}}],"line":240},"7":{"loc":{"start":{"line":264,"column":12},"end":{"line":264,"column":40}},"type":"default-arg","locations":[{"start":{"line":264,"column":30},"end":{"line":264,"column":40}}],"line":264},"8":{"loc":{"start":{"line":265,"column":12},"end":{"line":265,"column":30}},"type":"default-arg","locations":[{"start":{"line":265,"column":28},"end":{"line":265,"column":30}}],"line":265},"9":{"loc":{"start":{"line":266,"column":12},"end":{"line":266,"column":26}},"type":"default-arg","locations":[{"start":{"line":266,"column":19},"end":{"line":266,"column":26}}],"line":266},"10":{"loc":{"start":{"line":267,"column":12},"end":{"line":267,"column":34}},"type":"default-arg","locations":[{"start":{"line":267,"column":29},"end":{"line":267,"column":34}}],"line":267},"11":{"loc":{"start":{"line":268,"column":12},"end":{"line":268,"column":40}},"type":"default-arg","locations":[{"start":{"line":268,"column":32},"end":{"line":268,"column":40}}],"line":268},"12":{"loc":{"start":{"line":279,"column":16},"end":{"line":281,"column":17}},"type":"if","locations":[{"start":{"line":279,"column":16},"end":{"line":281,"column":17}},{"start":{},"end":{}}],"line":279},"13":{"loc":{"start":{"line":279,"column":20},"end":{"line":279,"column":89}},"type":"binary-expr","locations":[{"start":{"line":279,"column":20},"end":{"line":279,"column":50}},{"start":{"line":279,"column":54},"end":{"line":279,"column":89}}],"line":279},"14":{"loc":{"start":{"line":285,"column":16},"end":{"line":287,"column":17}},"type":"if","locations":[{"start":{"line":285,"column":16},"end":{"line":287,"column":17}},{"start":{},"end":{}}],"line":285},"15":{"loc":{"start":{"line":298,"column":16},"end":{"line":304,"column":17}},"type":"if","locations":[{"start":{"line":298,"column":16},"end":{"line":304,"column":17}},{"start":{},"end":{}}],"line":298},"16":{"loc":{"start":{"line":298,"column":20},"end":{"line":298,"column":79}},"type":"binary-expr","locations":[{"start":{"line":298,"column":20},"end":{"line":298,"column":61}},{"start":{"line":298,"column":65},"end":{"line":298,"column":79}}],"line":298},"17":{"loc":{"start":{"line":311,"column":12},"end":{"line":314,"column":13}},"type":"if","locations":[{"start":{"line":311,"column":12},"end":{"line":314,"column":13}},{"start":{},"end":{}}],"line":311},"18":{"loc":{"start":{"line":312,"column":16},"end":{"line":312,"column":81}},"type":"if","locations":[{"start":{"line":312,"column":16},"end":{"line":312,"column":81}},{"start":{},"end":{}}],"line":312},"19":{"loc":{"start":{"line":313,"column":16},"end":{"line":313,"column":80}},"type":"if","locations":[{"start":{"line":313,"column":16},"end":{"line":313,"column":80}},{"start":{},"end":{}}],"line":313},"20":{"loc":{"start":{"line":317,"column":12},"end":{"line":320,"column":13}},"type":"if","locations":[{"start":{"line":317,"column":12},"end":{"line":320,"column":13}},{"start":{},"end":{}}],"line":317},"21":{"loc":{"start":{"line":318,"column":16},"end":{"line":318,"column":60}},"type":"if","locations":[{"start":{"line":318,"column":16},"end":{"line":318,"column":60}},{"start":{},"end":{}}],"line":318},"22":{"loc":{"start":{"line":319,"column":16},"end":{"line":319,"column":59}},"type":"if","locations":[{"start":{"line":319,"column":16},"end":{"line":319,"column":59}},{"start":{},"end":{}}],"line":319},"23":{"loc":{"start":{"line":356,"column":15},"end":{"line":356,"column":90}},"type":"binary-expr","locations":[{"start":{"line":356,"column":15},"end":{"line":356,"column":38}},{"start":{"line":356,"column":42},"end":{"line":356,"column":90}}],"line":356},"24":{"loc":{"start":{"line":614,"column":12},"end":{"line":614,"column":60}},"type":"default-arg","locations":[{"start":{"line":614,"column":23},"end":{"line":614,"column":60}}],"line":614},"25":{"loc":{"start":{"line":615,"column":12},"end":{"line":615,"column":72}},"type":"default-arg","locations":[{"start":{"line":615,"column":29},"end":{"line":615,"column":72}}],"line":615},"26":{"loc":{"start":{"line":616,"column":12},"end":{"line":616,"column":70}},"type":"default-arg","locations":[{"start":{"line":616,"column":28},"end":{"line":616,"column":70}}],"line":616},"27":{"loc":{"start":{"line":617,"column":12},"end":{"line":617,"column":74}},"type":"default-arg","locations":[{"start":{"line":617,"column":30},"end":{"line":617,"column":74}}],"line":617},"28":{"loc":{"start":{"line":618,"column":12},"end":{"line":618,"column":32}},"type":"default-arg","locations":[{"start":{"line":618,"column":23},"end":{"line":618,"column":32}}],"line":618},"29":{"loc":{"start":{"line":619,"column":12},"end":{"line":619,"column":29}},"type":"default-arg","locations":[{"start":{"line":619,"column":27},"end":{"line":619,"column":29}}],"line":619},"30":{"loc":{"start":{"line":620,"column":12},"end":{"line":620,"column":33}},"type":"default-arg","locations":[{"start":{"line":620,"column":28},"end":{"line":620,"column":33}}],"line":620},"31":{"loc":{"start":{"line":663,"column":38},"end":{"line":663,"column":73}},"type":"binary-expr","locations":[{"start":{"line":663,"column":38},"end":{"line":663,"column":65}},{"start":{"line":663,"column":69},"end":{"line":663,"column":73}}],"line":663},"32":{"loc":{"start":{"line":680,"column":48},"end":{"line":680,"column":69}},"type":"default-arg","locations":[{"start":{"line":680,"column":64},"end":{"line":680,"column":69}}],"line":680},"33":{"loc":{"start":{"line":736,"column":50},"end":{"line":736,"column":71}},"type":"default-arg","locations":[{"start":{"line":736,"column":66},"end":{"line":736,"column":71}}],"line":736},"34":{"loc":{"start":{"line":763,"column":12},"end":{"line":763,"column":27}},"type":"default-arg","locations":[{"start":{"line":763,"column":25},"end":{"line":763,"column":27}}],"line":763},"35":{"loc":{"start":{"line":764,"column":12},"end":{"line":764,"column":25}},"type":"default-arg","locations":[{"start":{"line":764,"column":23},"end":{"line":764,"column":25}}],"line":764},"36":{"loc":{"start":{"line":765,"column":12},"end":{"line":765,"column":27}},"type":"default-arg","locations":[{"start":{"line":765,"column":25},"end":{"line":765,"column":27}}],"line":765},"37":{"loc":{"start":{"line":766,"column":12},"end":{"line":766,"column":27}},"type":"default-arg","locations":[{"start":{"line":766,"column":26},"end":{"line":766,"column":27}}],"line":766},"38":{"loc":{"start":{"line":767,"column":12},"end":{"line":767,"column":26}},"type":"default-arg","locations":[{"start":{"line":767,"column":25},"end":{"line":767,"column":26}}],"line":767},"39":{"loc":{"start":{"line":768,"column":12},"end":{"line":768,"column":38}},"type":"default-arg","locations":[{"start":{"line":768,"column":33},"end":{"line":768,"column":38}}],"line":768},"40":{"loc":{"start":{"line":769,"column":12},"end":{"line":769,"column":33}},"type":"default-arg","locations":[{"start":{"line":769,"column":29},"end":{"line":769,"column":33}}],"line":769},"41":{"loc":{"start":{"line":800,"column":37},"end":{"line":800,"column":57}},"type":"default-arg","locations":[{"start":{"line":800,"column":49},"end":{"line":800,"column":57}}],"line":800},"42":{"loc":{"start":{"line":818,"column":46},"end":{"line":818,"column":66}},"type":"default-arg","locations":[{"start":{"line":818,"column":57},"end":{"line":818,"column":66}}],"line":818},"43":{"loc":{"start":{"line":865,"column":20},"end":{"line":865,"column":65}},"type":"binary-expr","locations":[{"start":{"line":865,"column":20},"end":{"line":865,"column":33}},{"start":{"line":865,"column":37},"end":{"line":865,"column":65}}],"line":865}},"s":{"0":0,"1":0,"2":0,"3":0,"4":0,"5":0,"6":0,"7":0,"8":0,"9":0,"10":0,"11":0,"12":0,"13":0,"14":0,"15":0,"16":0,"17":0,"18":0,"19":0,"20":0,"21":0,"22":0,"23":0,"24":0,"25":0,"26":0,"27":0,"28":0,"29":0,"30":0,"31":0,"32":0,"33":0,"34":0,"35":0,"36":0,"37":0,"38":0,"39":0,"40":0,"41":0,"42":0,"43":0,"44":0,"45":0,"46":0,"47":0,"48":0,"49":0,"50":0,"51":0,"52":0,"53":0,"54":0,"55":0,"56":0,"57":0,"58":0,"59":0,"60":0,"61":0,"62":0,"63":0,"64":0,"65":0,"66":0,"67":0,"68":0,"69":0,"70":0,"71":0,"72":0,"73":0,"74":0,"75":0,"76":0,"77":0,"78":0,"79":0,"80":0,"81":0,"82":0,"83":0,"84":0,"85":0,"86":0,"87":0,"88":0,"89":0,"90":0,"91":0,"92":0,"93":0,"94":0,"95":0,"96":0,"97":0,"98":0,"99":0,"100":0,"101":0,"102":0,"103":0,"104":0,"105":0,"106":0,"107":0,"108":0,"109":0,"110":0,"111":0,"112":0,"113":0,"114":0,"115":0,"116":0,"117":0,"118":0,"119":0,"120":0,"121":0,"122":0,"123":0},"f":{"0":0,"1":0,"2":0,"3":0,"4":0,"5":0,"6":0,"7":0,"8":0,"9":0,"10":0,"11":0,"12":0,"13":0,"14":0,"15":0,"16":0,"17":0,"18":0,"19":0,"20":0,"21":0,"22":0,"23":0,"24":0,"25":0,"26":0,"27":0,"28":0,"29":0},"b":{"0":[0],"1":[0],"2":[0],"3":[0],"4":[0],"5":[0],"6":[0],"7":[0],"8":[0],"9":[0],"10":[0],"11":[0],"12":[0,0],"13":[0,0],"14":[0,0],"15":[0,0],"16":[0,0],"17":[0,0],"18":[0,0],"19":[0,0],"20":[0,0],"21":[0,0],"22":[0,0],"23":[0,0],"24":[0],"25":[0],"26":[0],"27":[0],"28":[0],"29":[0],"30":[0],"31":[0,0],"32":[0],"33":[0],"34":[0],"35":[0],"36":[0],"37":[0],"38":[0],"39":[0],"40":[0],"41":[0],"42":[0],"43":[0,0]}}
,"/home/runner/work/AI-Video-Generator-main/AI-Video-Generator-main/src/gurus/SpiritualGuru.js": {"path":"/home/runner/work/AI-Video-Generator-main/AI-Video-Generator-main/src/gurus/SpiritualGuru.js","statementMap":{"0":{"start":{"line":5,"column":8},"end":{"line":5,"column":43}},"1":{"start":{"line":6,"column":8},"end":{"line":6,"column":107}},"2":{"start":{"line":7,"column":8},"end":{"line":34,"column":58}},"3":{"start":{"line":38,"column":23},"end":{"line":42,"column":10}},"4":{"start":{"line":44,"column":8},"end":{"line":59,"column":9}},"5":{"start":{"line":45,"column":29},"end":{"line":51,"column":14}},"6":{"start":{"line":53,"column":12},"end":{"line":53,"column":41}},"7":{"start":{"line":55,"column":12},"end":{"line":55,"column":75}},"8":{"start":{"line":56,"column":12},"end":{"line":58,"column":14}},"9":{"start":{"line":63,"column":8},"end":{"line":72,"column":10}}},"fnMap":{"0":{"name":"(anonymous_0)","decl":{"start":{"line":4,"column":4},"end":{"line":4,"column":5}},"loc":{"start":{"line":4,"column":18},"end":{"line":35,"column":5}},"line":4},"1":{"name":"(anonymous_1)","decl":{"start":{"line":37,"column":4},"end":{"line":37,"column":5}},"loc":{"start":{"line":37,"column":32},"end":{"line":60,"column":5}},"line":37},"2":{"name":"(anonymous_2)","decl":{"start":{"line":62,"column":4},"end":{"line":62,"column":5}},"loc":{"start":{"line":62,"column":19},"end":{"line":73,"column":5}},"line":62}},"branchMap":{},"s":{"0":0,"1":0,"2":0,"3":0,"4":0,"5":0,"6":0,"7":0,"8":0,"9":0},"f":{"0":0,"1":0,"2":0},"b":{}}
,"/home/runner/work/AI-Video-Generator-main/AI-Video-Generator-main/src/gurus/YogaGuru.js": {"path":"/home/runner/work/AI-Video-Generator-main/AI-Video-Generator-main/src/gurus/YogaGuru.js","statementMap":{"0":{"start":{"line":5,"column":8},"end":{"line":5,"column":41}},"1":{"start":{"line":6,"column":8},"end":{"line":6,"column":73}},"2":{"start":{"line":7,"column":8},"end":{"line":26,"column":54}},"3":{"start":{"line":30,"column":23},"end":{"line":34,"column":10}},"4":{"start":{"line":36,"column":8},"end":{"line":51,"column":9}},"5":{"start":{"line":37,"column":29},"end":{"line":43,"column":14}},"6":{"start":{"line":45,"column":12},"end":{"line":45,"column":41}},"7":{"start":{"line":47,"column":12},"end":{"line":47,"column":70}},"8":{"start":{"line":48,"column":12},"end":{"line":50,"column":14}},"9":{"start":{"line":55,"column":8},"end":{"line":63,"column":10}}},"fnMap":{"0":{"name":"(anonymous_0)","decl":{"start":{"line":4,"column":4},"end":{"line":4,"column":5}},"loc":{"start":{"line":4,"column":18},"end":{"line":27,"column":5}},"line":4},"1":{"name":"(anonymous_1)","decl":{"start":{"line":29,"column":4},"end":{"line":29,"column":5}},"loc":{"start":{"line":29,"column":32},"end":{"line":52,"column":5}},"line":29},"2":{"name":"(anonymous_2)","decl":{"start":{"line":54,"column":4},"end":{"line":54,"column":5}},"loc":{"start":{"line":54,"column":19},"end":{"line":64,"column":5}},"line":54}},"branchMap":{},"s":{"0":0,"1":0,"2":0,"3":0,"4":0,"5":0,"6":0,"7":0,"8":0,"9":0},"f":{"0":0,"1":0,"2":0},"b":{}}
,"/home/runner/work/AI-Video-Generator-main/AI-Video-Generator-main/src/gurus/promptBuilder.js": {"path":"/home/runner/work/AI-Video-Generator-main/AI-Video-Generator-main/src/gurus/promptBuilder.js","statementMap":{"0":{"start":{"line":5,"column":2},"end":{"line":15,"column":2}},"1":{"start":{"line":19,"column":19},"end":{"line":19,"column":65}},"2":{"start":{"line":20,"column":17},"end":{"line":20,"column":63}},"3":{"start":{"line":22,"column":16},"end":{"line":22,"column":29}},"4":{"start":{"line":23,"column":2},"end":{"line":29,"column":2}}},"fnMap":{"0":{"name":"buildPrompt","decl":{"start":{"line":4,"column":16},"end":{"line":4,"column":27}},"loc":{"start":{"line":4,"column":63},"end":{"line":16,"column":1}},"line":4},"1":{"name":"buildSlokaPrompt","decl":{"start":{"line":18,"column":16},"end":{"line":18,"column":32}},"loc":{"start":{"line":18,"column":44},"end":{"line":30,"column":1}},"line":18}},"branchMap":{"0":{"loc":{"start":{"line":18,"column":33},"end":{"line":18,"column":42}},"type":"default-arg","locations":[{"start":{"line":18,"column":41},"end":{"line":18,"column":42}}],"line":18}},"s":{"0":0,"1":0,"2":0,"3":0,"4":0},"f":{"0":0,"1":0},"b":{"0":[0]}}
}
