TN:
SF:src/api/chatgpt-integration.js
FN:11,chatWithGPT
FN:42,getAvailableGuruTypes
FN:60,streamChatWithGPT
FNF:3
FNH:3
FNDA:6,chatWithGPT
FNDA:2,getAvailableGuruTypes
FNDA:8,streamChatWithGPT
DA:1,1
DA:12,6
DA:13,6
DA:26,4
DA:27,1
DA:30,3
DA:31,3
DA:33,3
DA:34,3
DA:43,2
DA:61,8
DA:62,8
DA:74,6
DA:75,1
DA:78,5
DA:79,5
DA:81,5
DA:82,8
DA:83,8
DA:85,6
DA:86,6
DA:88,6
DA:89,10
DA:90,7
DA:91,7
DA:92,3
DA:94,4
DA:95,4
DA:96,3
DA:99,1
DA:105,3
DA:106,3
LF:32
LH:32
BRDA:1,0,0,1
BRDA:1,0,1,1
BRDA:11,1,0,5
BRDA:11,2,0,5
BRDA:11,3,0,5
BRDA:26,4,0,1
BRDA:26,4,1,3
BRDA:60,5,0,1
BRDA:60,6,0,7
BRDA:74,7,0,1
BRDA:74,7,1,5
BRDA:83,8,0,2
BRDA:83,8,1,6
BRDA:89,9,0,7
BRDA:89,9,1,3
BRDA:91,10,0,3
BRDA:91,10,1,4
BRF:17
BRH:17
end_of_record
TN:
SF:src/api/claude-integration.js
FN:13,chatWithClaude
FN:55,getAvailableClaudeModels
FN:72,streamChatWithClaude
FN:128,generateSpiritualContent
FNF:4
FNH:4
FNDA:9,chatWithClaude
FNDA:2,getAvailableClaudeModels
FNDA:4,streamChatWithClaude
FNDA:4,generateSpiritualContent
DA:1,1
DA:22,9
DA:24,9
DA:25,9
DA:39,6
DA:40,1
DA:43,5
DA:44,5
DA:46,4
DA:47,4
DA:56,2
DA:73,4
DA:74,4
DA:86,4
DA:87,1
DA:90,3
DA:91,3
DA:93,3
DA:94,5
DA:95,5
DA:97,4
DA:98,4
DA:100,4
DA:101,6
DA:102,4
DA:103,4
DA:104,2
DA:106,2
DA:107,2
DA:108,1
DA:110,1
DA:116,1
DA:117,1
DA:129,4
DA:130,4
DA:136,4
DA:139,4
DA:145,1
DA:146,1
LF:39
LH:39
BRDA:1,0,0,1
BRDA:1,0,1,1
BRDA:15,1,0,4
BRDA:16,2,0,4
BRDA:19,3,0,4
BRDA:20,4,0,4
BRDA:21,5,0,4
BRDA:39,6,0,1
BRDA:39,6,1,5
BRDA:72,7,0,3
BRDA:72,8,0,3
BRDA:86,9,0,1
BRDA:86,9,1,3
BRDA:95,10,0,1
BRDA:95,10,1,4
BRDA:101,11,0,4
BRDA:101,11,1,2
BRDA:103,12,0,2
BRDA:103,12,1,2
BRDA:128,13,0,2
BRDA:128,14,0,2
BRF:21
BRH:21
end_of_record
TN:
SF:src/api/text-to-speech.js
FN:13,textToSpeech
FN:53,getAvailableVoices
FN:81,streamTextToSpeech
FN:129,spiritualTextToSpeech
FN:151,getTTSStatus
FN:171,downloadAudio
FNF:6
FNH:6
FNDA:9,textToSpeech
FNDA:4,getAvailableVoices
FNDA:4,streamTextToSpeech
FNDA:4,spiritualTextToSpeech
FNDA:2,getTTSStatus
FNDA:3,downloadAudio
DA:1,1
DA:19,9
DA:21,9
DA:22,9
DA:36,7
DA:37,1
DA:40,6
DA:41,6
DA:43,3
DA:44,3
DA:54,4
DA:55,4
DA:57,3
DA:58,0
DA:61,3
DA:62,3
DA:64,1
DA:66,1
DA:87,4
DA:89,4
DA:90,4
DA:104,3
DA:105,1
DA:108,2
DA:110,2
DA:111,4
DA:112,4
DA:114,2
DA:117,2
DA:118,2
DA:130,4
DA:137,4
DA:139,4
DA:152,2
DA:153,2
DA:155,2
DA:156,1
DA:159,1
DA:161,1
DA:162,1
DA:172,3
DA:173,3
DA:175,2
DA:176,1
DA:179,1
DA:181,2
DA:182,2
LF:47
LH:46
BRDA:1,0,0,1
BRDA:1,0,1,1
BRDA:13,1,0,4
BRDA:15,2,0,4
BRDA:16,3,0,4
BRDA:17,4,0,4
BRDA:18,5,0,4
BRDA:36,6,0,1
BRDA:36,6,1,6
BRDA:53,7,0,2
BRDA:57,8,0,0
BRDA:57,8,1,3
BRDA:62,9,0,3
BRDA:62,9,1,1
BRDA:81,10,0,3
BRDA:83,11,0,3
BRDA:84,12,0,3
BRDA:85,13,0,3
BRDA:86,14,0,4
BRDA:104,15,0,1
BRDA:104,15,1,2
BRDA:112,16,0,2
BRDA:112,16,1,2
BRDA:129,17,0,0
BRDA:129,18,0,0
BRDA:137,19,0,4
BRDA:137,19,1,1
BRDA:155,20,0,1
BRDA:155,20,1,1
BRDA:175,21,0,1
BRDA:175,21,1,1
BRF:31
BRH:28
end_of_record
TN:
SF:src/gurus/BhaktiGuru.js
FN:4,(anonymous_0)
FN:35,(anonymous_1)
FN:60,(anonymous_2)
FNF:3
FNH:0
FNDA:0,(anonymous_0)
FNDA:0,(anonymous_1)
FNDA:0,(anonymous_2)
DA:5,0
DA:6,0
DA:7,0
DA:36,0
DA:42,0
DA:43,0
DA:51,0
DA:53,0
DA:54,0
DA:61,0
LF:10
LH:0
BRF:0
BRH:0
end_of_record
TN:
SF:src/gurus/BojanGuru.js
FN:5,(anonymous_0)
FN:17,(anonymous_1)
FN:42,(anonymous_2)
FNF:3
FNH:0
FNDA:0,(anonymous_0)
FNDA:0,(anonymous_1)
FNDA:0,(anonymous_2)
DA:6,0
DA:7,0
DA:8,0
DA:18,0
DA:24,0
DA:25,0
DA:33,0
DA:35,0
DA:36,0
DA:43,0
LF:10
LH:0
BRF:0
BRH:0
end_of_record
TN:
SF:src/gurus/KarmaGuru.js
FN:4,(anonymous_0)
FN:29,(anonymous_1)
FN:54,(anonymous_2)
FNF:3
FNH:0
FNDA:0,(anonymous_0)
FNDA:0,(anonymous_1)
FNDA:0,(anonymous_2)
DA:5,0
DA:6,0
DA:7,0
DA:30,0
DA:36,0
DA:37,0
DA:45,0
DA:47,0
DA:48,0
DA:55,0
LF:10
LH:0
BRF:0
BRH:0
end_of_record
TN:
SF:src/gurus/MeditationGuru.js
FN:4,(anonymous_0)
FN:50,(anonymous_1)
FN:75,(anonymous_2)
FN:97,(anonymous_3)
FN:121,(anonymous_4)
FN:144,(anonymous_5)
FN:167,(anonymous_6)
FN:180,(anonymous_7)
FN:196,(anonymous_8)
FN:219,(anonymous_9)
FN:240,(anonymous_10)
FN:262,(anonymous_11)
FN:309,(anonymous_12)
FN:331,(anonymous_13)
FN:359,(anonymous_14)
FN:374,(anonymous_15)
FN:612,(anonymous_16)
FN:652,(anonymous_17)
FN:670,(anonymous_18)
FN:680,(anonymous_19)
FN:690,(anonymous_20)
FN:697,(anonymous_21)
FN:708,(anonymous_22)
FN:726,(anonymous_23)
FN:736,(anonymous_24)
FN:746,(anonymous_25)
FN:753,(anonymous_26)
FN:761,(anonymous_27)
FN:800,(anonymous_28)
FN:818,(anonymous_29)
FNF:30
FNH:0
FNDA:0,(anonymous_0)
FNDA:0,(anonymous_1)
FNDA:0,(anonymous_2)
FNDA:0,(anonymous_3)
FNDA:0,(anonymous_4)
FNDA:0,(anonymous_5)
FNDA:0,(anonymous_6)
FNDA:0,(anonymous_7)
FNDA:0,(anonymous_8)
FNDA:0,(anonymous_9)
FNDA:0,(anonymous_10)
FNDA:0,(anonymous_11)
FNDA:0,(anonymous_12)
FNDA:0,(anonymous_13)
FNDA:0,(anonymous_14)
FNDA:0,(anonymous_15)
FNDA:0,(anonymous_16)
FNDA:0,(anonymous_17)
FNDA:0,(anonymous_18)
FNDA:0,(anonymous_19)
FNDA:0,(anonymous_20)
FNDA:0,(anonymous_21)
FNDA:0,(anonymous_22)
FNDA:0,(anonymous_23)
FNDA:0,(anonymous_24)
FNDA:0,(anonymous_25)
FNDA:0,(anonymous_26)
FNDA:0,(anonymous_27)
FNDA:0,(anonymous_28)
FNDA:0,(anonymous_29)
DA:5,0
DA:6,0
DA:7,0
DA:12,0
DA:51,0
DA:57,0
DA:58,0
DA:66,0
DA:68,0
DA:69,0
DA:76,0
DA:77,0
DA:88,0
DA:90,0
DA:91,0
DA:98,0
DA:99,0
DA:111,0
DA:113,0
DA:114,0
DA:122,0
DA:123,0
DA:134,0
DA:136,0
DA:137,0
DA:145,0
DA:146,0
DA:157,0
DA:159,0
DA:160,0
DA:168,0
DA:169,0
DA:170,0
DA:172,0
DA:173,0
DA:181,0
DA:182,0
DA:183,0
DA:185,0
DA:186,0
DA:197,0
DA:198,0
DA:210,0
DA:212,0
DA:213,0
DA:220,0
DA:221,0
DA:231,0
DA:233,0
DA:234,0
DA:241,0
DA:242,0
DA:253,0
DA:255,0
DA:256,0
DA:269,0
DA:272,0
DA:273,0
DA:276,0
DA:277,0
DA:279,0
DA:280,0
DA:284,0
DA:285,0
DA:286,0
DA:290,0
DA:298,0
DA:299,0
DA:309,0
DA:311,0
DA:312,0
DA:313,0
DA:317,0
DA:318,0
DA:319,0
DA:322,0
DA:325,0
DA:332,0
DA:356,0
DA:360,0
DA:375,0
DA:536,0
DA:588,0
DA:621,0
DA:623,0
DA:624,0
DA:642,0
DA:644,0
DA:645,0
DA:653,0
DA:666,0
DA:671,0
DA:676,0
DA:681,0
DA:686,0
DA:691,0
DA:693,0
DA:698,0
DA:709,0
DA:722,0
DA:727,0
DA:732,0
DA:737,0
DA:742,0
DA:747,0
DA:749,0
DA:754,0
DA:770,0
DA:772,0
DA:773,0
DA:791,0
DA:793,0
DA:794,0
DA:801,0
DA:802,0
DA:809,0
DA:811,0
DA:812,0
DA:819,0
DA:864,0
LF:120
LH:0
BRDA:75,0,0,0
BRDA:75,1,0,0
BRDA:97,2,0,0
BRDA:97,3,0,0
BRDA:121,4,0,0
BRDA:219,5,0,0
BRDA:240,6,0,0
BRDA:264,7,0,0
BRDA:265,8,0,0
BRDA:266,9,0,0
BRDA:267,10,0,0
BRDA:268,11,0,0
BRDA:279,12,0,0
BRDA:279,12,1,0
BRDA:279,13,0,0
BRDA:279,13,1,0
BRDA:285,14,0,0
BRDA:285,14,1,0
BRDA:298,15,0,0
BRDA:298,15,1,0
BRDA:298,16,0,0
BRDA:298,16,1,0
BRDA:311,17,0,0
BRDA:311,17,1,0
BRDA:312,18,0,0
BRDA:312,18,1,0
BRDA:313,19,0,0
BRDA:313,19,1,0
BRDA:317,20,0,0
BRDA:317,20,1,0
BRDA:318,21,0,0
BRDA:318,21,1,0
BRDA:319,22,0,0
BRDA:319,22,1,0
BRDA:356,23,0,0
BRDA:356,23,1,0
BRDA:614,24,0,0
BRDA:615,25,0,0
BRDA:616,26,0,0
BRDA:617,27,0,0
BRDA:618,28,0,0
BRDA:619,29,0,0
BRDA:620,30,0,0
BRDA:663,31,0,0
BRDA:663,31,1,0
BRDA:680,32,0,0
BRDA:736,33,0,0
BRDA:763,34,0,0
BRDA:764,35,0,0
BRDA:765,36,0,0
BRDA:766,37,0,0
BRDA:767,38,0,0
BRDA:768,39,0,0
BRDA:769,40,0,0
BRDA:800,41,0,0
BRDA:818,42,0,0
BRDA:865,43,0,0
BRDA:865,43,1,0
BRF:58
BRH:0
end_of_record
TN:
SF:src/gurus/SpiritualGuru.js
FN:4,(anonymous_0)
FN:37,(anonymous_1)
FN:62,(anonymous_2)
FNF:3
FNH:0
FNDA:0,(anonymous_0)
FNDA:0,(anonymous_1)
FNDA:0,(anonymous_2)
DA:5,0
DA:6,0
DA:7,0
DA:38,0
DA:44,0
DA:45,0
DA:53,0
DA:55,0
DA:56,0
DA:63,0
LF:10
LH:0
BRF:0
BRH:0
end_of_record
TN:
SF:src/gurus/YogaGuru.js
FN:4,(anonymous_0)
FN:29,(anonymous_1)
FN:54,(anonymous_2)
FNF:3
FNH:0
FNDA:0,(anonymous_0)
FNDA:0,(anonymous_1)
FNDA:0,(anonymous_2)
DA:5,0
DA:6,0
DA:7,0
DA:30,0
DA:36,0
DA:37,0
DA:45,0
DA:47,0
DA:48,0
DA:55,0
LF:10
LH:0
BRF:0
BRH:0
end_of_record
TN:
SF:src/gurus/promptBuilder.js
FN:4,buildPrompt
FN:18,buildSlokaPrompt
FNF:2
FNH:0
FNDA:0,buildPrompt
FNDA:0,buildSlokaPrompt
DA:5,0
DA:19,0
DA:20,0
DA:22,0
DA:23,0
LF:5
LH:0
BRDA:18,0,0,0
BRF:1
BRH:0
end_of_record
